0 silly argv {
0 silly argv   _: [ 'list' ],
0 silly argv   lernaVersion: '8.1.5',
0 silly argv   '$0': 'D:\\Apocalyps\\nodejs\\node_global\\node_modules\\lerna\\dist\\cli.js'
0 silly argv }
1 notice cli v8.1.5
2 verbose packageConfigs Resolving packages based on package.json "workspaces" configuration.
3 verbose rootPath D:\github\vue2-test_multiple_lerna
4 error Failed to process project graph. Run "nx reset" to fix this. Please report the issue if you keep seeing it.
4 error   MultipleProjectsWithSameNameError: The following projects are defined in multiple locations:
4 error   - vue2-test:
4 error     - packages/vue2-test
4 error     - packages/vue2-test-vite
4 error
4 error   To fix this, set a unique name for each project in a project.json inside the project's root. If the project does not currently have a project.json, you can create one that contains only a name.
4 error       at validateAndNormalizeProjectRootMap (D:\github\vue2-test_multiple_lerna\node_modules\nx\src\project-graph\utils\project-configuration-utils.js:446:15)
4 error       at mergeCreateNodesResults (D:\github\vue2-test_multiple_lerna\node_modules\nx\src\project-graph\utils\project-configuration-utils.js:325:9)
4 error       at D:\github\vue2-test_multiple_lerna\node_modules\nx\src\project-graph\utils\project-configuration-utils.js:266:85
4 error       at process.processTicksAndRejections (node:internal/process/task_queues:95:5)
4 error       at async buildProjectGraphAndSourceMapsWithoutDaemon (D:\github\vue2-test_multiple_lerna\node_modules\nx\src\project-graph\project-graph.js:77:31)
4 error       at async createProjectGraphAndSourceMapsAsync (D:\github\vue2-test_multiple_lerna\node_modules\nx\src\project-graph\project-graph.js:208:25)
4 error       at async createProjectGraphAsync (D:\github\vue2-test_multiple_lerna\node_modules\nx\src\project-graph\project-graph.js:197:39)
4 error       at async detectProjects (D:\github\vue2-test_multiple_lerna\node_modules\lerna\dist\index.js:2999:25)
